21-1-2023 20:37:3	INFO	starting main	C:\Users\ANURAG\Dev\mycode\c\file_log.c
21-1-2023 20:37:3	INFO	processing task	C:\Users\ANURAG\Dev\mycode\c\file_log.c
21-1-2023 20:37:4	INFO	processing task	C:\Users\ANURAG\Dev\mycode\c\file_log.c
21-1-2023 20:37:5	INFO	processing task	C:\Users\ANURAG\Dev\mycode\c\file_log.c
21-1-2023 20:37:6	INFO	processing task	C:\Users\ANURAG\Dev\mycode\c\file_log.c
21-1-2023 20:37:8	INFO	processing task	C:\Users\ANURAG\Dev\mycode\c\file_log.c
21-1-2023 20:37:9	INFO	processing task	C:\Users\ANURAG\Dev\mycode\c\file_log.c
21-1-2023 20:37:10	INFO	processing task	C:\Users\ANURAG\Dev\mycode\c\file_log.c
21-1-2023 20:37:11	INFO	processing task	C:\Users\ANURAG\Dev\mycode\c\file_log.c
21-1-2023 20:37:12	INFO	processing task	C:\Users\ANURAG\Dev\mycode\c\file_log.c
21-1-2023 20:37:13	INFO	processing task	C:\Users\ANURAG\Dev\mycode\c\file_log.c
21-1-2023 20:37:14	INFO	finshed
	C:\Users\ANURAG\Dev\mycode\c\file_log.c
21-1-2023 20:37:51	INFO	starting main	C:\Users\ANURAG\Dev\mycode\c\file_log.c	21
21-1-2023 20:37:51	INFO	processing task	C:\Users\ANURAG\Dev\mycode\c\file_log.c	21
21-1-2023 20:37:52	INFO	processing task	C:\Users\ANURAG\Dev\mycode\c\file_log.c	21
21-1-2023 20:37:53	INFO	processing task	C:\Users\ANURAG\Dev\mycode\c\file_log.c	21
21-1-2023 20:37:54	INFO	processing task	C:\Users\ANURAG\Dev\mycode\c\file_log.c	21
21-1-2023 20:37:55	INFO	processing task	C:\Users\ANURAG\Dev\mycode\c\file_log.c	21
21-1-2023 20:37:56	INFO	processing task	C:\Users\ANURAG\Dev\mycode\c\file_log.c	21
21-1-2023 20:37:57	INFO	processing task	C:\Users\ANURAG\Dev\mycode\c\file_log.c	21
21-1-2023 20:37:58	INFO	processing task	C:\Users\ANURAG\Dev\mycode\c\file_log.c	21
21-1-2023 20:37:59	INFO	processing task	C:\Users\ANURAG\Dev\mycode\c\file_log.c	21
21-1-2023 20:38:0	INFO	processing task	C:\Users\ANURAG\Dev\mycode\c\file_log.c	21
21-1-2023 20:38:1	INFO	finshed
	C:\Users\ANURAG\Dev\mycode\c\file_log.c	21
